<?xml version="1.0" encoding="UTF-8"?>
<!-- Generated by org.testng.reporters.JUnitXMLReporter -->
<testsuite ignored="0" hostname="RWindows" failures="0" tests="5" name="Test" time="0.096" errors="0" timestamp="2024-11-09T22:16:49 IST">
  <testcase classname="testcase.HomePage" name="m1" time="0.006"/>
  <testcase classname="testcase.HomePage" name="m2" time="0.002"/>
  <testcase classname="testcase.LoginPage" name="f" time="0.001"/>
  <testcase classname="testcase.NewTest" name="m1" time="0.002"/>
  <testcase classname="testcase.PaymentPage" name="f" time="0.002"/>
</testsuite> <!-- Test -->
