<?xml version="1.0" encoding="UTF-8"?>
<testng-results ignored="0" total="5" passed="5" failed="0" skipped="0">
  <reporter-output>
  </reporter-output>
  <suite started-at="2024-11-09T22:16:49 IST" name="Suite" finished-at="2024-11-09T22:16:49 IST" duration-ms="96">
    <groups>
    </groups>
    <test started-at="2024-11-09T22:16:49 IST" name="Test" finished-at="2024-11-09T22:16:49 IST" duration-ms="96">
      <class name="testcase.LoginPage">
        <test-method is-config="true" signature="beforeSuite()[pri:0, instance:testcase.LoginPage@2af004b]" started-at="2024-11-09T22:16:49 IST" name="beforeSuite" finished-at="2024-11-09T22:16:49 IST" duration-ms="25" status="PASS">
          <reporter-output>
          </reporter-output>
        </test-method> <!-- beforeSuite -->
        <test-method is-config="true" signature="beforeTest()[pri:0, instance:testcase.LoginPage@2af004b]" started-at="2024-11-09T22:16:49 IST" name="beforeTest" finished-at="2024-11-09T22:16:49 IST" duration-ms="1" status="PASS">
          <reporter-output>
          </reporter-output>
        </test-method> <!-- beforeTest -->
        <test-method is-config="true" signature="beforeClass()[pri:0, instance:testcase.LoginPage@2af004b]" started-at="2024-11-09T22:16:49 IST" name="beforeClass" finished-at="2024-11-09T22:16:49 IST" duration-ms="1" status="PASS">
          <reporter-output>
          </reporter-output>
        </test-method> <!-- beforeClass -->
        <test-method is-config="true" signature="beforeMethod()[pri:0, instance:testcase.LoginPage@2af004b]" started-at="2024-11-09T22:16:49 IST" name="beforeMethod" finished-at="2024-11-09T22:16:49 IST" duration-ms="0" status="PASS">
          <reporter-output>
          </reporter-output>
        </test-method> <!-- beforeMethod -->
        <test-method signature="f()[pri:0, instance:testcase.LoginPage@2af004b]" started-at="2024-11-09T22:16:49 IST" name="f" finished-at="2024-11-09T22:16:49 IST" duration-ms="1" status="PASS">
          <reporter-output>
          </reporter-output>
        </test-method> <!-- f -->
        <test-method is-config="true" signature="afterClass()[pri:0, instance:testcase.LoginPage@2af004b]" started-at="2024-11-09T22:16:49 IST" name="afterClass" finished-at="2024-11-09T22:16:49 IST" duration-ms="1" status="PASS">
          <reporter-output>
          </reporter-output>
        </test-method> <!-- afterClass -->
        <test-method is-config="true" signature="afterMethod()[pri:0, instance:testcase.LoginPage@2af004b]" started-at="2024-11-09T22:16:49 IST" name="afterMethod" finished-at="2024-11-09T22:16:49 IST" duration-ms="0" status="PASS">
          <reporter-output>
          </reporter-output>
        </test-method> <!-- afterMethod -->
        <test-method is-config="true" signature="afterTest()[pri:0, instance:testcase.LoginPage@2af004b]" started-at="2024-11-09T22:16:49 IST" name="afterTest" finished-at="2024-11-09T22:16:49 IST" duration-ms="1" status="PASS">
          <reporter-output>
          </reporter-output>
        </test-method> <!-- afterTest -->
        <test-method is-config="true" signature="afterSuite()[pri:0, instance:testcase.LoginPage@2af004b]" started-at="2024-11-09T22:16:49 IST" name="afterSuite" finished-at="2024-11-09T22:16:49 IST" duration-ms="1" status="PASS">
          <reporter-output>
          </reporter-output>
        </test-method> <!-- afterSuite -->
      </class> <!-- testcase.LoginPage -->
      <class name="testcase.HomePage">
        <test-method is-config="true" signature="beforeMethod()[pri:0, instance:testcase.HomePage@4686afc2]" started-at="2024-11-09T22:16:49 IST" name="beforeMethod" finished-at="2024-11-09T22:16:49 IST" duration-ms="1" status="PASS">
          <reporter-output>
          </reporter-output>
        </test-method> <!-- beforeMethod -->
        <test-method signature="m1()[pri:0, instance:testcase.HomePage@4686afc2]" started-at="2024-11-09T22:16:49 IST" name="m1" finished-at="2024-11-09T22:16:49 IST" duration-ms="6" status="PASS">
          <reporter-output>
          </reporter-output>
        </test-method> <!-- m1 -->
        <test-method is-config="true" signature="afterMethod()[pri:0, instance:testcase.HomePage@4686afc2]" started-at="2024-11-09T22:16:49 IST" name="afterMethod" finished-at="2024-11-09T22:16:49 IST" duration-ms="1" status="PASS">
          <reporter-output>
          </reporter-output>
        </test-method> <!-- afterMethod -->
        <test-method signature="m2()[pri:0, instance:testcase.HomePage@4686afc2]" started-at="2024-11-09T22:16:49 IST" name="m2" finished-at="2024-11-09T22:16:49 IST" duration-ms="2" status="PASS">
          <reporter-output>
          </reporter-output>
        </test-method> <!-- m2 -->
        <test-method is-config="true" signature="beforeMethod()[pri:0, instance:testcase.HomePage@4686afc2]" started-at="2024-11-09T22:16:49 IST" name="beforeMethod" finished-at="2024-11-09T22:16:49 IST" duration-ms="0" status="PASS">
          <reporter-output>
          </reporter-output>
        </test-method> <!-- beforeMethod -->
        <test-method is-config="true" signature="afterMethod()[pri:0, instance:testcase.HomePage@4686afc2]" started-at="2024-11-09T22:16:49 IST" name="afterMethod" finished-at="2024-11-09T22:16:49 IST" duration-ms="0" status="PASS">
          <reporter-output>
          </reporter-output>
        </test-method> <!-- afterMethod -->
      </class> <!-- testcase.HomePage -->
      <class name="testcase.PaymentPage">
        <test-method is-config="true" signature="beforeTest()[pri:0, instance:testcase.PaymentPage@5d0bf09b]" started-at="2024-11-09T22:16:49 IST" name="beforeTest" finished-at="2024-11-09T22:16:49 IST" duration-ms="0" status="PASS">
          <reporter-output>
          </reporter-output>
        </test-method> <!-- beforeTest -->
        <test-method signature="f()[pri:0, instance:testcase.PaymentPage@5d0bf09b]" started-at="2024-11-09T22:16:49 IST" name="f" finished-at="2024-11-09T22:16:49 IST" duration-ms="2" status="PASS">
          <reporter-output>
          </reporter-output>
        </test-method> <!-- f -->
        <test-method is-config="true" signature="afterTest()[pri:0, instance:testcase.PaymentPage@5d0bf09b]" started-at="2024-11-09T22:16:49 IST" name="afterTest" finished-at="2024-11-09T22:16:49 IST" duration-ms="0" status="PASS">
          <reporter-output>
          </reporter-output>
        </test-method> <!-- afterTest -->
      </class> <!-- testcase.PaymentPage -->
      <class name="testcase.NewTest">
        <test-method is-config="true" signature="beforeClass()[pri:0, instance:testcase.NewTest@248e319b]" started-at="2024-11-09T22:16:49 IST" name="beforeClass" finished-at="2024-11-09T22:16:49 IST" duration-ms="0" status="PASS">
          <reporter-output>
          </reporter-output>
        </test-method> <!-- beforeClass -->
        <test-method signature="m1()[pri:0, instance:testcase.NewTest@248e319b]" started-at="2024-11-09T22:16:49 IST" name="m1" finished-at="2024-11-09T22:16:49 IST" duration-ms="2" status="PASS">
          <reporter-output>
          </reporter-output>
        </test-method> <!-- m1 -->
        <test-method is-config="true" signature="afterClass()[pri:0, instance:testcase.NewTest@248e319b]" started-at="2024-11-09T22:16:49 IST" name="afterClass" finished-at="2024-11-09T22:16:49 IST" duration-ms="1" status="PASS">
          <reporter-output>
          </reporter-output>
        </test-method> <!-- afterClass -->
      </class> <!-- testcase.NewTest -->
    </test> <!-- Test -->
  </suite> <!-- Suite -->
</testng-results>
